<?xml version="1.0" encoding="UTF-8" ?>
<testsuite failures="0" time="10.015" errors="1" skipped="0" tests="1" name="cz.novoj.ibatis.HSqlConnectTest">
  <properties>
    <property name="java.vendor" value="Sun Microsystems Inc."/>
    <property name="env.SYSTEMROOT" value="C:\WINDOWS"/>
    <property name="localRepository" value="C:\Java\repository"/>
    <property name="sun.java.launcher" value="SUN_STANDARD"/>
    <property name="env.TVT" value="C:\Program Files\Lenovo"/>
    <property name="sun.management.compiler" value="HotSpot Client Compiler"/>
    <property name="env.COMMANDER_DRIVE" value="C:"/>
    <property name="env.PROMPT" value="$P$G"/>
    <property name="env.COMMANDER_PATH" value="C:\Program Files\totalcmd"/>
    <property name="os.name" value="Windows XP"/>
    <property name="env.FP_NO_HOST_CHECK" value="NO"/>
    <property name="sun.boot.class.path" value="c:\Java\jdk1.6.0_18\jre\lib\resources.jar;c:\Java\jdk1.6.0_18\jre\lib\rt.jar;c:\Java\jdk1.6.0_18\jre\lib\sunrsasign.jar;c:\Java\jdk1.6.0_18\jre\lib\jsse.jar;c:\Java\jdk1.6.0_18\jre\lib\jce.jar;c:\Java\jdk1.6.0_18\jre\lib\charsets.jar;c:\Java\jdk1.6.0_18\jre\classes"/>
    <property name="env.COMPUTERNAME" value="JNONB"/>
    <property name="env.SONICCENTRAL" value="C:\Program Files\Common Files\Sonic Shared\Sonic Central\"/>
    <property name="env.ALLUSERSPROFILE" value="C:\Documents and Settings\All Users"/>
    <property name="sun.desktop" value="windows"/>
    <property name="java.vm.specification.vendor" value="Sun Microsystems Inc."/>
    <property name="java.runtime.version" value="1.6.0_18-b07"/>
    <property name="env.HOMEPATH" value="\Documents and Settings\jno"/>
    <property name="user.name" value="JNO"/>
    <property name="env.SWSHARE" value="C:\SWSHARE"/>
    <property name="env.PATH" value="C:\WINDOWS\system32;C:\WINDOWS;C:\WINDOWS\System32\Wbem;C:\Program Files\Common Files\Lenovo;C:\Program Files\Lenovo\Client Security Solution;C:\Program Files\ThinkPad\ConnectUtilities;C:\Program Files\Intel\WiFi\bin\;C:\WINDOWS\system32\WindowsPowerShell\v1.0;C:\Program Files\System Center Operations Manager 2007\;C:\WINDOWS\system32\WindowsPowerShell\v1.0;C:\Program Files\TortoiseSVN\bin;C:\Program Files\CVSNT\;c:\Java\jdk1.6.0_18\bin\;c:\Java\ant\bin\;c:\Java\maven\bin\;"/>
    <property name="user.language" value="cs"/>
    <property name="env.WINDIR" value="C:\WINDOWS"/>
    <property name="sun.boot.library.path" value="c:\Java\jdk1.6.0_18\jre\bin"/>
    <property name="classworlds.conf" value="c:\Java\maven\bin\..\bin\m2.conf"/>
    <property name="java.version" value="1.6.0_18"/>
    <property name="env.PROCESSOR_IDENTIFIER" value="x86 Family 6 Model 15 Stepping 11, GenuineIntel"/>
    <property name="user.timezone" value="Europe/Prague"/>
    <property name="env.TEMP" value="C:\DOCUME~1\jno\LOCALS~1\Temp"/>
    <property name="sun.arch.data.model" value="32"/>
    <property name="java.endorsed.dirs" value="c:\Java\jdk1.6.0_18\jre\lib\endorsed"/>
    <property name="sun.cpu.isalist" value="pentium_pro+mmx pentium_pro pentium+mmx pentium i486 i386 i86"/>
    <property name="env.HOMEDRIVE" value="C:"/>
    <property name="sun.jnu.encoding" value="Cp1250"/>
    <property name="file.encoding.pkg" value="sun.io"/>
    <property name="env.SYSTEMDRIVE" value="C:"/>
    <property name="env.TVTPYDIR" value="C:\Program Files\Common Files\Lenovo\Python24"/>
    <property name="file.separator" value="\"/>
    <property name="java.specification.name" value="Java Platform API Specification"/>
    <property name="java.class.version" value="50.0"/>
    <property name="user.country" value="CZ"/>
    <property name="env.BUILD_PROFILE" value="novotnypc"/>
    <property name="java.home" value="c:\Java\jdk1.6.0_18\jre"/>
    <property name="env.APPDATA" value="C:\Documents and Settings\jno\Application Data"/>
    <property name="java.vm.info" value="mixed mode, sharing"/>
    <property name="env.OS" value="Windows_NT"/>
    <property name="os.version" value="5.1"/>
    <property name="env.JAVA_OPTS" value="-DBUILD_PROFILE=novotnypc"/>
    <property name="path.separator" value=";"/>
    <property name="java.vm.version" value="16.0-b13"/>
    <property name="env.TVTCOMMON" value="C:\Program Files\Common Files\Lenovo"/>
    <property name="env.USERPROFILE" value="C:\Documents and Settings\jno"/>
    <property name="user.variant" value=""/>
    <property name="env.JAVA_HOME" value="c:\Java\jdk1.6.0_18\"/>
    <property name="java.awt.printerjob" value="sun.awt.windows.WPrinterJob"/>
    <property name="env.TMP" value="C:\DOCUME~1\jno\LOCALS~1\Temp"/>
    <property name="env.PROGRAMFILES" value="C:\Program Files"/>
    <property name="sun.io.unicode.encoding" value="UnicodeLittle"/>
    <property name="awt.toolkit" value="sun.awt.windows.WToolkit"/>
    <property name="user.home" value="C:\Documents and Settings\jno"/>
    <property name="env.COMMONPROGRAMFILES" value="C:\Program Files\Common Files"/>
    <property name="env.SESSIONNAME" value="Console"/>
    <property name="java.specification.vendor" value="Sun Microsystems Inc."/>
    <property name="env.M2_HOME" value="c:\Java\maven\bin\.."/>
    <property name="env.NUMBER_OF_PROCESSORS" value="2"/>
    <property name="java.library.path" value="c:\Java\jdk1.6.0_18\bin;.;C:\WINDOWS\Sun\Java\bin;C:\WINDOWS\system32;C:\WINDOWS;C:\WINDOWS\system32;C:\WINDOWS;C:\WINDOWS\System32\Wbem;C:\Program Files\Common Files\Lenovo;C:\Program Files\Lenovo\Client Security Solution;C:\Program Files\ThinkPad\ConnectUtilities;C:\Program Files\Intel\WiFi\bin\;C:\WINDOWS\system32\WindowsPowerShell\v1.0;C:\Program Files\System Center Operations Manager 2007\;C:\WINDOWS\system32\WindowsPowerShell\v1.0;C:\Program Files\TortoiseSVN\bin;C:\Program Files\CVSNT\;c:\Java\jdk1.6.0_18\bin\;c:\Java\ant\bin\;c:\Java\maven\bin\;"/>
    <property name="java.vendor.url" value="http://java.sun.com/"/>
    <property name="env.USERDNSDOMAIN" value="FORREST.LOCAL"/>
    <property name="env.PSMODULEPATH" value="C:\WINDOWS\system32\WindowsPowerShell\v1.0\Modules\"/>
    <property name="env.SMA" value="C:\Program Files\ThinkVantage\SMA\"/>
    <property name="env.MAVEN_CMD_LINE_ARGS" value="clean install"/>
    <property name="java.vm.vendor" value="Sun Microsystems Inc."/>
    <property name="java.runtime.name" value="Java(TM) SE Runtime Environment"/>
    <property name="maven.home" value="c:\Java\maven\bin\.."/>
    <property name="java.class.path" value="c:\Java\maven\bin\..\boot\classworlds-1.1.jar"/>
    <property name="env.JPDA_TRANSPORT" value="dt_socket"/>
    <property name="env.CVS_RSH" value="c:\Java\Putty\Plink.exe"/>
    <property name="env.MAVEN_JAVA_EXE" value="&quot;c:\Java\jdk1.6.0_18\\bin\java.exe&quot;"/>
    <property name="java.vm.specification.name" value="Java Virtual Machine Specification"/>
    <property name="env.LOGONSERVER" value="\\FILE3-NA-SERVER"/>
    <property name="java.vm.specification.version" value="1.0"/>
    <property name="env.PROCESSOR_ARCHITECTURE" value="x86"/>
    <property name="env.TPCCOMMON" value="C:\PROGRA~1\THINKV~1\PrdCtr"/>
    <property name="sun.os.patch.level" value="Service Pack 3"/>
    <property name="sun.cpu.endian" value="little"/>
    <property name="env.HOME" value="C:\Documents and Settings\jno"/>
    <property name="surefire.test.class.path" value="C:\Prototypes\iBatisWorkshop\target\test-classes;C:\Prototypes\iBatisWorkshop\target\classes;C:\Java\repository\commons-dbcp\commons-dbcp\1.2.1\commons-dbcp-1.2.1.jar;C:\Java\repository\commons-collections\commons-collections\2.1\commons-collections-2.1.jar;C:\Java\repository\commons-pool\commons-pool\1.2\commons-pool-1.2.jar;C:\Java\repository\xml-apis\xml-apis\1.0.b2\xml-apis-1.0.b2.jar;C:\Java\repository\xerces\xercesImpl\2.0.2\xercesImpl-2.0.2.jar;C:\Java\repository\org\springframework\spring-core\3.0.0.RELEASE\spring-core-3.0.0.RELEASE.jar;C:\Java\repository\org\springframework\spring-asm\3.0.0.RELEASE\spring-asm-3.0.0.RELEASE.jar;C:\Java\repository\commons-logging\commons-logging\1.1.1\commons-logging-1.1.1.jar;C:\Java\repository\org\springframework\spring-jdbc\3.0.0.RELEASE\spring-jdbc-3.0.0.RELEASE.jar;C:\Java\repository\org\springframework\spring-beans\3.0.0.RELEASE\spring-beans-3.0.0.RELEASE.jar;C:\Java\repository\org\springframework\spring-tx\3.0.0.RELEASE\spring-tx-3.0.0.RELEASE.jar;C:\Java\repository\aopalliance\aopalliance\1.0\aopalliance-1.0.jar;C:\Java\repository\org\springframework\spring-aop\3.0.0.RELEASE\spring-aop-3.0.0.RELEASE.jar;C:\Java\repository\org\springframework\spring-context\3.0.0.RELEASE\spring-context-3.0.0.RELEASE.jar;C:\Java\repository\org\springframework\spring-expression\3.0.0.RELEASE\spring-expression-3.0.0.RELEASE.jar;C:\Java\repository\hsqldb\hsqldb\1.8.0.10\hsqldb-1.8.0.10.jar;C:\Java\repository\org\apache\ibatis\ibatis-sqlmap\3.0-beta-8\ibatis-sqlmap-3.0-beta-8.jar;C:\Java\repository\cglib\cglib-nodep\2.2\cglib-nodep-2.2.jar;C:\Java\repository\commons-io\commons-io\1.4\commons-io-1.4.jar;C:\Java\repository\org\springframework\spring-test\2.5.6\spring-test-2.5.6.jar;C:\Java\repository\junit\junit\4.4\junit-4.4.jar;"/>
    <property name="java.io.tmpdir" value="C:\DOCUME~1\jno\LOCALS~1\Temp\"/>
    <property name="env.PROCESSOR_REVISION" value="0f0b"/>
    <property name="java.vendor.url.bug" value="http://java.sun.com/cgi-bin/bugreport.cgi"/>
    <property name="env.MAVEN_OPTS" value="-Xms64m -Xmx256m"/>
    <property name="env.COMSPEC" value="C:\WINDOWS\system32\cmd.exe"/>
    <property name="java.awt.graphicsenv" value="sun.awt.Win32GraphicsEnvironment"/>
    <property name="os.arch" value="x86"/>
    <property name="java.ext.dirs" value="c:\Java\jdk1.6.0_18\jre\lib\ext;C:\WINDOWS\Sun\Java\lib\ext"/>
    <property name="user.dir" value="C:\Prototypes\iBatisWorkshop"/>
    <property name="line.separator" value="
"/>
    <property name="java.vm.name" value="Java HotSpot(TM) Client VM"/>
    <property name="env.CLASSWORLDS_JAR" value="&quot;c:\Java\maven\bin\..\boot\classworlds-1.1.jar&quot;"/>
    <property name="env.PATHEXT" value=".COM;.EXE;.BAT;.CMD;.VBS;.VBE;.JS;.JSE;.WSF;.WSH;.PSC1;.PSC1"/>
    <property name="env.JPDA_ADDRESS" value="5005"/>
    <property name="basedir" value="C:\Prototypes\iBatisWorkshop"/>
    <property name="env.ERROR_CODE" value="0"/>
    <property name="env.USERNAME" value="JNO"/>
    <property name="file.encoding" value="Cp1250"/>
    <property name="env.RR" value="C:\Program Files\Lenovo\Rescue and Recovery"/>
    <property name="env.USERDOMAIN" value="FORREST"/>
    <property name="env.COMMANDER_INI" value="C:\WINDOWS\WINCMD.INI"/>
    <property name="java.specification.version" value="1.6"/>
    <property name="env.PROCESSOR_LEVEL" value="6"/>
  </properties>
  <testcase time="10" classname="cz.novoj.ibatis.HSqlConnectTest" name="testTablesExist">
    <error message="Could not set AutoCommit to true. Cause: org.apache.commons.dbcp.SQLNestedException: Could not retrieve connection info from pool" type="org.apache.ibatis.jdbc.RuntimeSqlException">org.apache.ibatis.jdbc.RuntimeSqlException: Could not set AutoCommit to true. Cause: org.apache.commons.dbcp.SQLNestedException: Could not retrieve connection info from pool
	at org.apache.ibatis.jdbc.ScriptRunner.setAutoCommit(ScriptRunner.java:122)
	at org.apache.ibatis.jdbc.ScriptRunner.runScript(ScriptRunner.java:57)
	at cz.novoj.ibatis.AbstractBaseTest.runScript(AbstractBaseTest.java:64)
	at cz.novoj.ibatis.AbstractBaseTest.runScript(AbstractBaseTest.java:54)
	at cz.novoj.ibatis.AbstractBaseTest.setupDatabase(AbstractBaseTest.java:43)
	at sun.reflect.NativeMethodAccessorImpl.invoke0(Native Method)
	at sun.reflect.NativeMethodAccessorImpl.invoke(NativeMethodAccessorImpl.java:39)
	at sun.reflect.DelegatingMethodAccessorImpl.invoke(DelegatingMethodAccessorImpl.java:25)
	at java.lang.reflect.Method.invoke(Method.java:597)
	at org.springframework.test.context.junit4.SpringMethodRoadie.runBefores(SpringMethodRoadie.java:273)
	at org.springframework.test.context.junit4.SpringMethodRoadie$RunBeforesThenTestThenAfters.run(SpringMethodRoadie.java:332)
	at org.springframework.test.context.junit4.SpringMethodRoadie.runWithRepetitions(SpringMethodRoadie.java:217)
	at org.springframework.test.context.junit4.SpringMethodRoadie.runTest(SpringMethodRoadie.java:197)
	at org.springframework.test.context.junit4.SpringMethodRoadie.run(SpringMethodRoadie.java:143)
	at org.springframework.test.context.junit4.SpringJUnit4ClassRunner.invokeTestMethod(SpringJUnit4ClassRunner.java:160)
	at org.junit.internal.runners.JUnit4ClassRunner.runMethods(JUnit4ClassRunner.java:51)
	at org.junit.internal.runners.JUnit4ClassRunner$1.run(JUnit4ClassRunner.java:44)
	at org.junit.internal.runners.ClassRoadie.runUnprotected(ClassRoadie.java:27)
	at org.junit.internal.runners.ClassRoadie.runProtected(ClassRoadie.java:37)
	at org.junit.internal.runners.JUnit4ClassRunner.run(JUnit4ClassRunner.java:42)
	at org.springframework.test.context.junit4.SpringJUnit4ClassRunner.run(SpringJUnit4ClassRunner.java:97)
	at org.apache.maven.surefire.junit4.JUnit4TestSet.execute(JUnit4TestSet.java:62)
	at org.apache.maven.surefire.suite.AbstractDirectoryTestSuite.executeTestSet(AbstractDirectoryTestSuite.java:140)
	at org.apache.maven.surefire.suite.AbstractDirectoryTestSuite.execute(AbstractDirectoryTestSuite.java:127)
	at org.apache.maven.surefire.Surefire.run(Surefire.java:177)
	at sun.reflect.NativeMethodAccessorImpl.invoke0(Native Method)
	at sun.reflect.NativeMethodAccessorImpl.invoke(NativeMethodAccessorImpl.java:39)
	at sun.reflect.DelegatingMethodAccessorImpl.invoke(DelegatingMethodAccessorImpl.java:25)
	at java.lang.reflect.Method.invoke(Method.java:597)
	at org.apache.maven.surefire.booter.SurefireBooter.runSuitesInProcess(SurefireBooter.java:338)
	at org.apache.maven.surefire.booter.SurefireBooter.main(SurefireBooter.java:997)
Caused by: org.apache.commons.dbcp.SQLNestedException: Could not retrieve connection info from pool
	at org.apache.commons.dbcp.datasources.SharedPoolDataSource.getPooledConnectionAndInfo(SharedPoolDataSource.java:169)
	at org.apache.commons.dbcp.datasources.InstanceKeyDataSource.getConnection(InstanceKeyDataSource.java:631)
	at org.apache.commons.dbcp.datasources.InstanceKeyDataSource.getConnection(InstanceKeyDataSource.java:615)
	at org.springframework.jdbc.datasource.DataSourceUtils.doGetConnection(DataSourceUtils.java:113)
	at org.springframework.jdbc.datasource.TransactionAwareDataSourceProxy$TransactionAwareInvocationHandler.invoke(TransactionAwareDataSourceProxy.java:213)
	at $Proxy13.getAutoCommit(Unknown Source)
	at org.apache.ibatis.jdbc.ScriptRunner.setAutoCommit(ScriptRunner.java:118)
	... 30 more
Caused by: java.util.NoSuchElementException: Timeout waiting for idle object
	at org.apache.commons.pool.impl.GenericKeyedObjectPool.borrowObject(GenericKeyedObjectPool.java:770)
	at org.apache.commons.dbcp.datasources.SharedPoolDataSource.getPooledConnectionAndInfo(SharedPoolDataSource.java:165)
	... 36 more
</error>
  </testcase>
</testsuite>